# JRE version: Java(TM) SE Runtime Environment (8.0_191-b12) (build 1.8.0_191-b12)
# Java VM: Java HotSpot(TM) 64-Bit Server VM (25.191-b12 mixed mode windows-amd64 compressed oops)
Heap:
 PSYoungGen      total 150528K, used 70849K [0x000000076b300000, 0x0000000778180000, 0x00000007c0000000)
  eden space 139264K, 50% used [0x000000076b300000,0x000000076f830730,0x0000000773b00000)
  from space 11264K, 0% used [0x0000000774600000,0x0000000774600000,0x0000000775100000)
  to   space 11264K, 0% used [0x0000000773b00000,0x0000000773b00000,0x0000000774600000)
 ParOldGen       total 167424K, used 12134K [0x00000006c1800000, 0x00000006cbb80000, 0x000000076b300000)
  object space 167424K, 7% used [0x00000006c1800000,0x00000006c23d9b08,0x00000006cbb80000)
 Metaspace       used 37924K, capacity 40112K, committed 40320K, reserved 1085440K
  class space    used 4609K, capacity 4990K, committed 4992K, reserved 1048576K
GC Heap History (10 events):
Event: 1.656 GC heap before
{Heap before GC invocations=4 (full 1):
 PSYoungGen      total 76288K, used 8112K [0x000000076b300000, 0x0000000774800000, 0x00000007c0000000)
  eden space 65536K, 0% used [0x000000076b300000,0x000000076b300000,0x000000076f300000)
  from space 10752K, 75% used [0x000000076f300000,0x000000076faec308,0x000000076fd80000)
  to   space 10752K, 0% used [0x0000000773d80000,0x0000000773d80000,0x0000000774800000)
 ParOldGen       total 175104K, used 40K [0x00000006c1800000, 0x00000006cc300000, 0x000000076b300000)
  object space 175104K, 0% used [0x00000006c1800000,0x00000006c180a000,0x00000006cc300000)
 Metaspace       used 20549K, capacity 21220K, committed 21296K, reserved 1069056K
  class space    used 2493K, capacity 2662K, committed 2688K, reserved 1048576K
Event: 1.680 GC heap after
Heap after GC invocations=4 (full 1):
 PSYoungGen      total 76288K, used 0K [0x000000076b300000, 0x0000000774800000, 0x00000007c0000000)
  eden space 65536K, 0% used [0x000000076b300000,0x000000076b300000,0x000000076f300000)
  from space 10752K, 0% used [0x000000076f300000,0x000000076f300000,0x000000076fd80000)
  to   space 10752K, 0% used [0x0000000773d80000,0x0000000773d80000,0x0000000774800000)
 ParOldGen       total 107008K, used 7885K [0x00000006c1800000, 0x00000006c8080000, 0x000000076b300000)
  object space 107008K, 7% used [0x00000006c1800000,0x00000006c1fb3498,0x00000006c8080000)
 Metaspace       used 20548K, capacity 21214K, committed 21296K, reserved 1069056K
  class space    used 2493K, capacity 2661K, committed 2688K, reserved 1048576K
}
Event: 2.193 GC heap before
{Heap before GC invocations=5 (full 1):
 PSYoungGen      total 76288K, used 65536K [0x000000076b300000, 0x0000000774800000, 0x00000007c0000000)
  eden space 65536K, 100% used [0x000000076b300000,0x000000076f300000,0x000000076f300000)
  from space 10752K, 0% used [0x000000076f300000,0x000000076f300000,0x000000076fd80000)
  to   space 10752K, 0% used [0x0000000773d80000,0x0000000773d80000,0x0000000774800000)
 ParOldGen       total 107008K, used 7885K [0x00000006c1800000, 0x00000006c8080000, 0x000000076b300000)
  object space 107008K, 7% used [0x00000006c1800000,0x00000006c1fb3498,0x00000006c8080000)
 Metaspace       used 24564K, capacity 25536K, committed 25856K, reserved 1071104K
  class space    used 3004K, capacity 3234K, committed 3328K, reserved 1048576K
Event: 2.198 GC heap after
Heap after GC invocations=5 (full 1):
 PSYoungGen      total 102400K, used 5391K [0x000000076b300000, 0x0000000774300000, 0x00000007c0000000)
  eden space 96768K, 0% used [0x000000076b300000,0x000000076b300000,0x0000000771180000)
  from space 5632K, 95% used [0x0000000773d80000,0x00000007742c3f38,0x0000000774300000)
  to   space 10752K, 0% used [0x0000000772e00000,0x0000000772e00000,0x0000000773880000)
 ParOldGen       total 107008K, used 7893K [0x00000006c1800000, 0x00000006c8080000, 0x000000076b300000)
  object space 107008K, 7% used [0x00000006c1800000,0x00000006c1fb5498,0x00000006c8080000)
 Metaspace       used 24564K, capacity 25536K, committed 25856K, reserved 1071104K
  class space    used 3004K, capacity 3234K, committed 3328K, reserved 1048576K
}
Event: 3.497 GC heap before
{Heap before GC invocations=6 (full 1):
 PSYoungGen      total 102400K, used 102159K [0x000000076b300000, 0x0000000774300000, 0x00000007c0000000)
  eden space 96768K, 100% used [0x000000076b300000,0x0000000771180000,0x0000000771180000)
  from space 5632K, 95% used [0x0000000773d80000,0x00000007742c3f38,0x0000000774300000)
  to   space 10752K, 0% used [0x0000000772e00000,0x0000000772e00000,0x0000000773880000)
 ParOldGen       total 107008K, used 7893K [0x00000006c1800000, 0x00000006c8080000, 0x000000076b300000)
  object space 107008K, 7% used [0x00000006c1800000,0x00000006c1fb5498,0x00000006c8080000)
 Metaspace       used 31266K, capacity 32762K, committed 32768K, reserved 1077248K
  class space    used 3833K, capacity 4091K, committed 4096K, reserved 1048576K
Event: 3.506 GC heap after
Heap after GC invocations=6 (full 1):
 PSYoungGen      total 136704K, used 10005K [0x000000076b300000, 0x0000000775100000, 0x00000007c0000000)
  eden space 125952K, 0% used [0x000000076b300000,0x000000076b300000,0x0000000772e00000)
  from space 10752K, 93% used [0x0000000772e00000,0x00000007737c5758,0x0000000773880000)
  to   space 11264K, 0% used [0x0000000774600000,0x0000000774600000,0x0000000775100000)
 ParOldGen       total 107008K, used 7901K [0x00000006c1800000, 0x00000006c8080000, 0x000000076b300000)
  object space 107008K, 7% used [0x00000006c1800000,0x00000006c1fb7498,0x00000006c8080000)
 Metaspace       used 31266K, capacity 32762K, committed 32768K, reserved 1077248K
  class space    used 3833K, capacity 4091K, committed 4096K, reserved 1048576K
}
Event: 3.935 GC heap before
{Heap before GC invocations=7 (full 1):
 PSYoungGen      total 136704K, used 53588K [0x000000076b300000, 0x0000000775100000, 0x00000007c0000000)
  eden space 125952K, 34% used [0x000000076b300000,0x000000076dd8fc68,0x0000000772e00000)
  from space 10752K, 93% used [0x0000000772e00000,0x00000007737c5758,0x0000000773880000)
  to   space 11264K, 0% used [0x0000000774600000,0x0000000774600000,0x0000000775100000)
 ParOldGen       total 107008K, used 7901K [0x00000006c1800000, 0x00000006c8080000, 0x000000076b300000)
  object space 107008K, 7% used [0x00000006c1800000,0x00000006c1fb7498,0x00000006c8080000)
 Metaspace       used 33667K, capacity 35446K, committed 35456K, reserved 1081344K
  class space    used 4150K, capacity 4471K, committed 4480K, reserved 1048576K
Event: 3.945 GC heap after
Heap after GC invocations=7 (full 1):
 PSYoungGen      total 150528K, used 8310K [0x000000076b300000, 0x0000000778180000, 0x00000007c0000000)
  eden space 139264K, 0% used [0x000000076b300000,0x000000076b300000,0x0000000773b00000)
  from space 11264K, 73% used [0x0000000774600000,0x0000000774e1dbd8,0x0000000775100000)
  to   space 11264K, 0% used [0x0000000773b00000,0x0000000773b00000,0x0000000774600000)
 ParOldGen       total 107008K, used 7909K [0x00000006c1800000, 0x00000006c8080000, 0x000000076b300000)
  object space 107008K, 7% used [0x00000006c1800000,0x00000006c1fb9498,0x00000006c8080000)
 Metaspace       used 33667K, capacity 35446K, committed 35456K, reserved 1081344K
  class space    used 4150K, capacity 4471K, committed 4480K, reserved 1048576K
}
Event: 3.945 GC heap before
{Heap before GC invocations=8 (full 2):
 PSYoungGen      total 150528K, used 8310K [0x000000076b300000, 0x0000000778180000, 0x00000007c0000000)
  eden space 139264K, 0% used [0x000000076b300000,0x000000076b300000,0x0000000773b00000)
  from space 11264K, 73% used [0x0000000774600000,0x0000000774e1dbd8,0x0000000775100000)
  to   space 11264K, 0% used [0x0000000773b00000,0x0000000773b00000,0x0000000774600000)
 ParOldGen       total 107008K, used 7909K [0x00000006c1800000, 0x00000006c8080000, 0x000000076b300000)
  object space 107008K, 7% used [0x00000006c1800000,0x00000006c1fb9498,0x00000006c8080000)
 Metaspace       used 33667K, capacity 35446K, committed 35456K, reserved 1081344K
  class space    used 4150K, capacity 4471K, committed 4480K, reserved 1048576K
Event: 3.999 GC heap after
Heap after GC invocations=8 (full 2):
 PSYoungGen      total 150528K, used 0K [0x000000076b300000, 0x0000000778180000, 0x00000007c0000000)
  eden space 139264K, 0% used [0x000000076b300000,0x000000076b300000,0x0000000773b00000)
  from space 11264K, 0% used [0x0000000774600000,0x0000000774600000,0x0000000775100000)
  to   space 11264K, 0% used [0x0000000773b00000,0x0000000773b00000,0x0000000774600000)
 ParOldGen       total 167424K, used 12134K [0x00000006c1800000, 0x00000006cbb80000, 0x000000076b300000)
  object space 167424K, 7% used [0x00000006c1800000,0x00000006c23d9b08,0x00000006cbb80000)
 Metaspace       used 33667K, capacity 35446K, committed 35456K, reserved 1081344K
  class space    used 4150K, capacity 4471K, committed 4480K, reserved 1048576K
}

