# JRE version: Java(TM) SE Runtime Environment (8.0_191-b12) (build 1.8.0_191-b12)
# Java VM: Java HotSpot(TM) 64-Bit Server VM (25.191-b12 mixed mode windows-amd64 compressed oops)
Heap:
 PSYoungGen      total 403456K, used 356653K [0x000000076b300000, 0x0000000784b00000, 0x00000007c0000000)
  eden space 389120K, 89% used [0x000000076b300000,0x0000000780661b90,0x0000000782f00000)
  from space 14336K, 63% used [0x0000000782f00000,0x00000007837e9968,0x0000000783d00000)
  to   space 13824K, 0% used [0x0000000783d80000,0x0000000783d80000,0x0000000784b00000)
 ParOldGen       total 182272K, used 16340K [0x00000006c1800000, 0x00000006cca00000, 0x000000076b300000)
  object space 182272K, 8% used [0x00000006c1800000,0x00000006c27f5300,0x00000006cca00000)
 Metaspace       used 42873K, capacity 46886K, committed 47192K, reserved 1089536K
  class space    used 5752K, capacity 6415K, committed 6528K, reserved 1048576K
GC Heap History (10 events):
Event: 16.767 GC heap before
{Heap before GC invocations=19 (full 2):
 PSYoungGen      total 333312K, used 333253K [0x000000076b300000, 0x0000000780800000, 0x00000007c0000000)
  eden space 322560K, 100% used [0x000000076b300000,0x000000077ee00000,0x000000077ee00000)
  from space 10752K, 99% used [0x000000077fd80000,0x00000007807f15f8,0x0000000780800000)
  to   space 12800K, 0% used [0x000000077ef00000,0x000000077ef00000,0x000000077fb80000)
 ParOldGen       total 182272K, used 12718K [0x00000006c1800000, 0x00000006cca00000, 0x000000076b300000)
  object space 182272K, 6% used [0x00000006c1800000,0x00000006c246b878,0x00000006cca00000)
 Metaspace       used 42405K, capacity 46392K, committed 46552K, reserved 1089536K
  class space    used 5730K, capacity 6362K, committed 6400K, reserved 1048576K
Event: 16.773 GC heap after
Heap after GC invocations=19 (full 2):
 PSYoungGen      total 336384K, used 9175K [0x000000076b300000, 0x0000000782580000, 0x00000007c0000000)
  eden space 323584K, 0% used [0x000000076b300000,0x000000076b300000,0x000000077ef00000)
  from space 12800K, 71% used [0x000000077ef00000,0x000000077f7f5f40,0x000000077fb80000)
  to   space 12288K, 0% used [0x0000000781980000,0x0000000781980000,0x0000000782580000)
 ParOldGen       total 182272K, used 12726K [0x00000006c1800000, 0x00000006cca00000, 0x000000076b300000)
  object space 182272K, 6% used [0x00000006c1800000,0x00000006c246d878,0x00000006cca00000)
 Metaspace       used 42405K, capacity 46392K, committed 46552K, reserved 1089536K
  class space    used 5730K, capacity 6362K, committed 6400K, reserved 1048576K
}
Event: 17.984 GC heap before
{Heap before GC invocations=20 (full 2):
 PSYoungGen      total 336384K, used 332759K [0x000000076b300000, 0x0000000782580000, 0x00000007c0000000)
  eden space 323584K, 100% used [0x000000076b300000,0x000000077ef00000,0x000000077ef00000)
  from space 12800K, 71% used [0x000000077ef00000,0x000000077f7f5f40,0x000000077fb80000)
  to   space 12288K, 0% used [0x0000000781980000,0x0000000781980000,0x0000000782580000)
 ParOldGen       total 182272K, used 12726K [0x00000006c1800000, 0x00000006cca00000, 0x000000076b300000)
  object space 182272K, 6% used [0x00000006c1800000,0x00000006c246d878,0x00000006cca00000)
 Metaspace       used 42542K, capacity 46484K, committed 46552K, reserved 1089536K
  class space    used 5738K, capacity 6366K, committed 6400K, reserved 1048576K
Event: 17.992 GC heap after
Heap after GC invocations=20 (full 2):
 PSYoungGen      total 366080K, used 12277K [0x000000076b300000, 0x0000000782880000, 0x00000007c0000000)
  eden space 353792K, 0% used [0x000000076b300000,0x000000076b300000,0x0000000780c80000)
  from space 12288K, 99% used [0x0000000781980000,0x000000078257d608,0x0000000782580000)
  to   space 13312K, 0% used [0x0000000780c80000,0x0000000780c80000,0x0000000781980000)
 ParOldGen       total 182272K, used 12812K [0x00000006c1800000, 0x00000006cca00000, 0x000000076b300000)
  object space 182272K, 7% used [0x00000006c1800000,0x00000006c24832c0,0x00000006cca00000)
 Metaspace       used 42542K, capacity 46484K, committed 46552K, reserved 1089536K
  class space    used 5738K, capacity 6366K, committed 6400K, reserved 1048576K
}
Event: 19.396 GC heap before
{Heap before GC invocations=21 (full 2):
 PSYoungGen      total 366080K, used 366069K [0x000000076b300000, 0x0000000782880000, 0x00000007c0000000)
  eden space 353792K, 100% used [0x000000076b300000,0x0000000780c80000,0x0000000780c80000)
  from space 12288K, 99% used [0x0000000781980000,0x000000078257d608,0x0000000782580000)
  to   space 13312K, 0% used [0x0000000780c80000,0x0000000780c80000,0x0000000781980000)
 ParOldGen       total 182272K, used 12812K [0x00000006c1800000, 0x00000006cca00000, 0x000000076b300000)
  object space 182272K, 7% used [0x00000006c1800000,0x00000006c24832c0,0x00000006cca00000)
 Metaspace       used 42656K, capacity 46628K, committed 46808K, reserved 1089536K
  class space    used 5741K, capacity 6372K, committed 6400K, reserved 1048576K
Event: 19.405 GC heap after
Heap after GC invocations=21 (full 2):
 PSYoungGen      total 367104K, used 12294K [0x000000076b300000, 0x0000000784b80000, 0x00000007c0000000)
  eden space 353792K, 0% used [0x000000076b300000,0x000000076b300000,0x0000000780c80000)
  from space 13312K, 92% used [0x0000000780c80000,0x0000000781881968,0x0000000781980000)
  to   space 14336K, 0% used [0x0000000783d80000,0x0000000783d80000,0x0000000784b80000)
 ParOldGen       total 182272K, used 12820K [0x00000006c1800000, 0x00000006cca00000, 0x000000076b300000)
  object space 182272K, 7% used [0x00000006c1800000,0x00000006c24852c0,0x00000006cca00000)
 Metaspace       used 42656K, capacity 46628K, committed 46808K, reserved 1089536K
  class space    used 5741K, capacity 6372K, committed 6400K, reserved 1048576K
}
Event: 20.736 GC heap before
{Heap before GC invocations=22 (full 2):
 PSYoungGen      total 367104K, used 366086K [0x000000076b300000, 0x0000000784b80000, 0x00000007c0000000)
  eden space 353792K, 100% used [0x000000076b300000,0x0000000780c80000,0x0000000780c80000)
  from space 13312K, 92% used [0x0000000780c80000,0x0000000781881968,0x0000000781980000)
  to   space 14336K, 0% used [0x0000000783d80000,0x0000000783d80000,0x0000000784b80000)
 ParOldGen       total 182272K, used 12820K [0x00000006c1800000, 0x00000006cca00000, 0x000000076b300000)
  object space 182272K, 7% used [0x00000006c1800000,0x00000006c24852c0,0x00000006cca00000)
 Metaspace       used 42750K, capacity 46702K, committed 46808K, reserved 1089536K
  class space    used 5745K, capacity 6375K, committed 6400K, reserved 1048576K
Event: 20.743 GC heap after
Heap after GC invocations=22 (full 2):
 PSYoungGen      total 402944K, used 11270K [0x000000076b300000, 0x0000000784b00000, 0x00000007c0000000)
  eden space 389120K, 0% used [0x000000076b300000,0x000000076b300000,0x0000000782f00000)
  from space 13824K, 81% used [0x0000000783d80000,0x0000000784881968,0x0000000784b00000)
  to   space 14336K, 0% used [0x0000000782f00000,0x0000000782f00000,0x0000000783d00000)
 ParOldGen       total 182272K, used 12828K [0x00000006c1800000, 0x00000006cca00000, 0x000000076b300000)
  object space 182272K, 7% used [0x00000006c1800000,0x00000006c24872c0,0x00000006cca00000)
 Metaspace       used 42750K, capacity 46702K, committed 46808K, reserved 1089536K
  class space    used 5745K, capacity 6375K, committed 6400K, reserved 1048576K
}
Event: 22.059 GC heap before
{Heap before GC invocations=23 (full 2):
 PSYoungGen      total 402944K, used 400390K [0x000000076b300000, 0x0000000784b00000, 0x00000007c0000000)
  eden space 389120K, 100% used [0x000000076b300000,0x0000000782f00000,0x0000000782f00000)
  from space 13824K, 81% used [0x0000000783d80000,0x0000000784881968,0x0000000784b00000)
  to   space 14336K, 0% used [0x0000000782f00000,0x0000000782f00000,0x0000000783d00000)
 ParOldGen       total 182272K, used 12828K [0x00000006c1800000, 0x00000006cca00000, 0x000000076b300000)
  object space 182272K, 7% used [0x00000006c1800000,0x00000006c24872c0,0x00000006cca00000)
 Metaspace       used 42792K, capacity 46772K, committed 46808K, reserved 1089536K
  class space    used 5747K, capacity 6378K, committed 6400K, reserved 1048576K
Event: 22.067 GC heap after
Heap after GC invocations=23 (full 2):
 PSYoungGen      total 403456K, used 9126K [0x000000076b300000, 0x0000000784b00000, 0x00000007c0000000)
  eden space 389120K, 0% used [0x000000076b300000,0x000000076b300000,0x0000000782f00000)
  from space 14336K, 63% used [0x0000000782f00000,0x00000007837e9968,0x0000000783d00000)
  to   space 13824K, 0% used [0x0000000783d80000,0x0000000783d80000,0x0000000784b00000)
 ParOldGen       total 182272K, used 16340K [0x00000006c1800000, 0x00000006cca00000, 0x000000076b300000)
  object space 182272K, 8% used [0x00000006c1800000,0x00000006c27f5300,0x00000006cca00000)
 Metaspace       used 42792K, capacity 46772K, committed 46808K, reserved 1089536K
  class space    used 5747K, capacity 6378K, committed 6400K, reserved 1048576K
}

