# JRE version: Java(TM) SE Runtime Environment (8.0_191-b12) (build 1.8.0_191-b12)
# Java VM: Java HotSpot(TM) 64-Bit Server VM (25.191-b12 mixed mode windows-amd64 compressed oops)
Heap:
 PSYoungGen      total 336384K, used 151562K [0x000000076b300000, 0x0000000780980000, 0x00000007c0000000)
  eden space 326656K, 43% used [0x000000076b300000,0x0000000773dd6df0,0x000000077f200000)
  from space 9728K, 96% used [0x0000000780000000,0x000000078092bba0,0x0000000780980000)
  to   space 11776K, 0% used [0x000000077f280000,0x000000077f280000,0x000000077fe00000)
 ParOldGen       total 174592K, used 13331K [0x00000006c1800000, 0x00000006cc280000, 0x000000076b300000)
  object space 174592K, 7% used [0x00000006c1800000,0x00000006c2504ff8,0x00000006cc280000)
 Metaspace       used 39883K, capacity 43632K, committed 43776K, reserved 1087488K
  class space    used 5433K, capacity 6030K, committed 6144K, reserved 1048576K
GC Heap History (10 events):
Event: 11.359 GC heap before
{Heap before GC invocations=14 (full 2):
 PSYoungGen      total 226304K, used 224491K [0x000000076b300000, 0x000000077c380000, 0x00000007c0000000)
  eden space 214016K, 100% used [0x000000076b300000,0x0000000778400000,0x0000000778400000)
  from space 12288K, 85% used [0x0000000778400000,0x0000000778e3aed8,0x0000000779000000)
  to   space 12800K, 0% used [0x000000077b700000,0x000000077b700000,0x000000077c380000)
 ParOldGen       total 174592K, used 13291K [0x00000006c1800000, 0x00000006cc280000, 0x000000076b300000)
  object space 174592K, 7% used [0x00000006c1800000,0x00000006c24faff8,0x00000006cc280000)
 Metaspace       used 38475K, capacity 41544K, committed 41600K, reserved 1085440K
  class space    used 5244K, capacity 5756K, committed 5760K, reserved 1048576K
Event: 11.369 GC heap after
Heap after GC invocations=14 (full 2):
 PSYoungGen      total 261120K, used 8448K [0x000000076b300000, 0x000000077c080000, 0x00000007c0000000)
  eden space 251392K, 0% used [0x000000076b300000,0x000000076b300000,0x000000077a880000)
  from space 9728K, 86% used [0x000000077b700000,0x000000077bf40138,0x000000077c080000)
  to   space 12288K, 0% used [0x000000077a880000,0x000000077a880000,0x000000077b480000)
 ParOldGen       total 174592K, used 13299K [0x00000006c1800000, 0x00000006cc280000, 0x000000076b300000)
  object space 174592K, 7% used [0x00000006c1800000,0x00000006c24fcff8,0x00000006cc280000)
 Metaspace       used 38475K, capacity 41544K, committed 41600K, reserved 1085440K
  class space    used 5244K, capacity 5756K, committed 5760K, reserved 1048576K
}
Event: 13.093 GC heap before
{Heap before GC invocations=15 (full 2):
 PSYoungGen      total 261120K, used 259840K [0x000000076b300000, 0x000000077c080000, 0x00000007c0000000)
  eden space 251392K, 100% used [0x000000076b300000,0x000000077a880000,0x000000077a880000)
  from space 9728K, 86% used [0x000000077b700000,0x000000077bf40138,0x000000077c080000)
  to   space 12288K, 0% used [0x000000077a880000,0x000000077a880000,0x000000077b480000)
 ParOldGen       total 174592K, used 13299K [0x00000006c1800000, 0x00000006cc280000, 0x000000076b300000)
  object space 174592K, 7% used [0x00000006c1800000,0x00000006c24fcff8,0x00000006cc280000)
 Metaspace       used 38557K, capacity 41646K, committed 41984K, reserved 1085440K
  class space    used 5248K, capacity 5761K, committed 5888K, reserved 1048576K
Event: 13.100 GC heap after
Heap after GC invocations=15 (full 2):
 PSYoungGen      total 263680K, used 7678K [0x000000076b300000, 0x000000077e800000, 0x00000007c0000000)
  eden space 251392K, 0% used [0x000000076b300000,0x000000076b300000,0x000000077a880000)
  from space 12288K, 62% used [0x000000077a880000,0x000000077afffb90,0x000000077b480000)
  to   space 12288K, 0% used [0x000000077dc00000,0x000000077dc00000,0x000000077e800000)
 ParOldGen       total 174592K, used 13307K [0x00000006c1800000, 0x00000006cc280000, 0x000000076b300000)
  object space 174592K, 7% used [0x00000006c1800000,0x00000006c24feff8,0x00000006cc280000)
 Metaspace       used 38557K, capacity 41646K, committed 41984K, reserved 1085440K
  class space    used 5248K, capacity 5761K, committed 5888K, reserved 1048576K
}
Event: 14.684 GC heap before
{Heap before GC invocations=16 (full 2):
 PSYoungGen      total 263680K, used 259070K [0x000000076b300000, 0x000000077e800000, 0x00000007c0000000)
  eden space 251392K, 100% used [0x000000076b300000,0x000000077a880000,0x000000077a880000)
  from space 12288K, 62% used [0x000000077a880000,0x000000077afffb90,0x000000077b480000)
  to   space 12288K, 0% used [0x000000077dc00000,0x000000077dc00000,0x000000077e800000)
 ParOldGen       total 174592K, used 13307K [0x00000006c1800000, 0x00000006cc280000, 0x000000076b300000)
  object space 174592K, 7% used [0x00000006c1800000,0x00000006c24feff8,0x00000006cc280000)
 Metaspace       used 38652K, capacity 41792K, committed 41984K, reserved 1085440K
  class space    used 5251K, capacity 5762K, committed 5888K, reserved 1048576K
Event: 14.691 GC heap after
Heap after GC invocations=16 (full 2):
 PSYoungGen      total 297984K, used 7262K [0x000000076b300000, 0x000000077e480000, 0x00000007c0000000)
  eden space 289280K, 0% used [0x000000076b300000,0x000000076b300000,0x000000077cd80000)
  from space 8704K, 83% used [0x000000077dc00000,0x000000077e317800,0x000000077e480000)
  to   space 11776K, 0% used [0x000000077cd80000,0x000000077cd80000,0x000000077d900000)
 ParOldGen       total 174592K, used 13315K [0x00000006c1800000, 0x00000006cc280000, 0x000000076b300000)
  object space 174592K, 7% used [0x00000006c1800000,0x00000006c2500ff8,0x00000006cc280000)
 Metaspace       used 38652K, capacity 41792K, committed 41984K, reserved 1085440K
  class space    used 5251K, capacity 5762K, committed 5888K, reserved 1048576K
}
Event: 16.524 GC heap before
{Heap before GC invocations=17 (full 2):
 PSYoungGen      total 297984K, used 296542K [0x000000076b300000, 0x000000077e480000, 0x00000007c0000000)
  eden space 289280K, 100% used [0x000000076b300000,0x000000077cd80000,0x000000077cd80000)
  from space 8704K, 83% used [0x000000077dc00000,0x000000077e317800,0x000000077e480000)
  to   space 11776K, 0% used [0x000000077cd80000,0x000000077cd80000,0x000000077d900000)
 ParOldGen       total 174592K, used 13315K [0x00000006c1800000, 0x00000006cc280000, 0x000000076b300000)
  object space 174592K, 7% used [0x00000006c1800000,0x00000006c2500ff8,0x00000006cc280000)
 Metaspace       used 38742K, capacity 41878K, committed 42240K, reserved 1085440K
  class space    used 5252K, capacity 5765K, committed 5888K, reserved 1048576K
Event: 16.531 GC heap after
Heap after GC invocations=17 (full 2):
 PSYoungGen      total 301056K, used 8255K [0x000000076b300000, 0x0000000780b80000, 0x00000007c0000000)
  eden space 289280K, 0% used [0x000000076b300000,0x000000076b300000,0x000000077cd80000)
  from space 11776K, 70% used [0x000000077cd80000,0x000000077d58ff00,0x000000077d900000)
  to   space 11776K, 0% used [0x0000000780000000,0x0000000780000000,0x0000000780b80000)
 ParOldGen       total 174592K, used 13323K [0x00000006c1800000, 0x00000006cc280000, 0x000000076b300000)
  object space 174592K, 7% used [0x00000006c1800000,0x00000006c2502ff8,0x00000006cc280000)
 Metaspace       used 38742K, capacity 41878K, committed 42240K, reserved 1085440K
  class space    used 5252K, capacity 5765K, committed 5888K, reserved 1048576K
}
Event: 18.178 GC heap before
{Heap before GC invocations=18 (full 2):
 PSYoungGen      total 301056K, used 297535K [0x000000076b300000, 0x0000000780b80000, 0x00000007c0000000)
  eden space 289280K, 100% used [0x000000076b300000,0x000000077cd80000,0x000000077cd80000)
  from space 11776K, 70% used [0x000000077cd80000,0x000000077d58ff00,0x000000077d900000)
  to   space 11776K, 0% used [0x0000000780000000,0x0000000780000000,0x0000000780b80000)
 ParOldGen       total 174592K, used 13323K [0x00000006c1800000, 0x00000006cc280000, 0x000000076b300000)
  object space 174592K, 7% used [0x00000006c1800000,0x00000006c2502ff8,0x00000006cc280000)
 Metaspace       used 39554K, capacity 43352K, committed 43392K, reserved 1087488K
  class space    used 5378K, capacity 5988K, committed 6016K, reserved 1048576K
Event: 18.185 GC heap after
Heap after GC invocations=18 (full 2):
 PSYoungGen      total 336384K, used 9390K [0x000000076b300000, 0x0000000780980000, 0x00000007c0000000)
  eden space 326656K, 0% used [0x000000076b300000,0x000000076b300000,0x000000077f200000)
  from space 9728K, 96% used [0x0000000780000000,0x000000078092bba0,0x0000000780980000)
  to   space 11776K, 0% used [0x000000077f280000,0x000000077f280000,0x000000077fe00000)
 ParOldGen       total 174592K, used 13331K [0x00000006c1800000, 0x00000006cc280000, 0x000000076b300000)
  object space 174592K, 7% used [0x00000006c1800000,0x00000006c2504ff8,0x00000006cc280000)
 Metaspace       used 39554K, capacity 43352K, committed 43392K, reserved 1087488K
  class space    used 5378K, capacity 5988K, committed 6016K, reserved 1048576K
}

