# JRE version: Java(TM) SE Runtime Environment (8.0_191-b12) (build 1.8.0_191-b12)
# Java VM: Java HotSpot(TM) 64-Bit Server VM (25.191-b12 mixed mode windows-amd64 compressed oops)
Heap:
 PSYoungGen      total 118784K, used 7523K [0x000000076b300000, 0x0000000776e80000, 0x00000007c0000000)
  eden space 107520K, 0% used [0x000000076b300000,0x000000076b300000,0x0000000771c00000)
  from space 11264K, 66% used [0x0000000776380000,0x0000000776ad8d98,0x0000000776e80000)
  to   space 9728K, 0% used [0x0000000771c00000,0x0000000771c00000,0x0000000772580000)
 ParOldGen       total 103424K, used 8725K [0x00000006c1800000, 0x00000006c7d00000, 0x000000076b300000)
  object space 103424K, 8% used [0x00000006c1800000,0x00000006c2085488,0x00000006c7d00000)
 Metaspace       used 33395K, capacity 35318K, committed 35416K, reserved 1081344K
  class space    used 4225K, capacity 4575K, committed 4608K, reserved 1048576K
GC Heap History (10 events):
Event: 4.427 GC heap after
Heap after GC invocations=5 (full 1):
 PSYoungGen      total 76288K, used 0K [0x000000076b300000, 0x0000000770800000, 0x00000007c0000000)
  eden space 65536K, 0% used [0x000000076b300000,0x000000076b300000,0x000000076f300000)
  from space 10752K, 0% used [0x000000076fd80000,0x000000076fd80000,0x0000000770800000)
  to   space 10752K, 0% used [0x000000076f300000,0x000000076f300000,0x000000076fd80000)
 ParOldGen       total 103424K, used 8701K [0x00000006c1800000, 0x00000006c7d00000, 0x000000076b300000)
  object space 103424K, 8% used [0x00000006c1800000,0x00000006c207f488,0x00000006c7d00000)
 Metaspace       used 20208K, capacity 21114K, committed 21248K, reserved 1067008K
  class space    used 2513K, capacity 2713K, committed 2816K, reserved 1048576K
}
Event: 4.990 GC heap before
{Heap before GC invocations=6 (full 1):
 PSYoungGen      total 76288K, used 65536K [0x000000076b300000, 0x0000000770800000, 0x00000007c0000000)
  eden space 65536K, 100% used [0x000000076b300000,0x000000076f300000,0x000000076f300000)
  from space 10752K, 0% used [0x000000076fd80000,0x000000076fd80000,0x0000000770800000)
  to   space 10752K, 0% used [0x000000076f300000,0x000000076f300000,0x000000076fd80000)
 ParOldGen       total 103424K, used 8701K [0x00000006c1800000, 0x00000006c7d00000, 0x000000076b300000)
  object space 103424K, 8% used [0x00000006c1800000,0x00000006c207f488,0x00000006c7d00000)
 Metaspace       used 23923K, capacity 24936K, committed 25088K, reserved 1071104K
  class space    used 2994K, capacity 3220K, committed 3328K, reserved 1048576K
Event: 5.007 GC heap after
Heap after GC invocations=6 (full 1):
 PSYoungGen      total 76288K, used 2624K [0x000000076b300000, 0x0000000773200000, 0x00000007c0000000)
  eden space 65536K, 0% used [0x000000076b300000,0x000000076b300000,0x000000076f300000)
  from space 10752K, 24% used [0x000000076f300000,0x000000076f590050,0x000000076fd80000)
  to   space 10240K, 0% used [0x0000000772800000,0x0000000772800000,0x0000000773200000)
 ParOldGen       total 103424K, used 8701K [0x00000006c1800000, 0x00000006c7d00000, 0x000000076b300000)
  object space 103424K, 8% used [0x00000006c1800000,0x00000006c207f488,0x00000006c7d00000)
 Metaspace       used 23923K, capacity 24936K, committed 25088K, reserved 1071104K
  class space    used 2994K, capacity 3220K, committed 3328K, reserved 1048576K
}
Event: 5.856 GC heap before
{Heap before GC invocations=7 (full 1):
 PSYoungGen      total 76288K, used 68160K [0x000000076b300000, 0x0000000773200000, 0x00000007c0000000)
  eden space 65536K, 100% used [0x000000076b300000,0x000000076f300000,0x000000076f300000)
  from space 10752K, 24% used [0x000000076f300000,0x000000076f590050,0x000000076fd80000)
  to   space 10240K, 0% used [0x0000000772800000,0x0000000772800000,0x0000000773200000)
 ParOldGen       total 103424K, used 8701K [0x00000006c1800000, 0x00000006c7d00000, 0x000000076b300000)
  object space 103424K, 8% used [0x00000006c1800000,0x00000006c207f488,0x00000006c7d00000)
 Metaspace       used 27540K, capacity 29050K, committed 29440K, reserved 1075200K
  class space    used 3446K, capacity 3741K, committed 3840K, reserved 1048576K
Event: 5.862 GC heap after
Heap after GC invocations=7 (full 1):
 PSYoungGen      total 114688K, used 5369K [0x000000076b300000, 0x0000000772f00000, 0x00000007c0000000)
  eden space 107520K, 0% used [0x000000076b300000,0x000000076b300000,0x0000000771c00000)
  from space 7168K, 74% used [0x0000000772800000,0x0000000772d3e578,0x0000000772f00000)
  to   space 9728K, 0% used [0x0000000771c00000,0x0000000771c00000,0x0000000772580000)
 ParOldGen       total 103424K, used 8709K [0x00000006c1800000, 0x00000006c7d00000, 0x000000076b300000)
  object space 103424K, 8% used [0x00000006c1800000,0x00000006c2081488,0x00000006c7d00000)
 Metaspace       used 27540K, capacity 29050K, committed 29440K, reserved 1075200K
  class space    used 3446K, capacity 3741K, committed 3840K, reserved 1048576K
}
Event: 26.159 GC heap before
{Heap before GC invocations=8 (full 1):
 PSYoungGen      total 114688K, used 112889K [0x000000076b300000, 0x0000000772f00000, 0x00000007c0000000)
  eden space 107520K, 100% used [0x000000076b300000,0x0000000771c00000,0x0000000771c00000)
  from space 7168K, 74% used [0x0000000772800000,0x0000000772d3e578,0x0000000772f00000)
  to   space 9728K, 0% used [0x0000000771c00000,0x0000000771c00000,0x0000000772580000)
 ParOldGen       total 103424K, used 8709K [0x00000006c1800000, 0x00000006c7d00000, 0x000000076b300000)
  object space 103424K, 8% used [0x00000006c1800000,0x00000006c2081488,0x00000006c7d00000)
 Metaspace       used 32165K, capacity 34036K, committed 34176K, reserved 1079296K
  class space    used 4060K, capacity 4394K, committed 4480K, reserved 1048576K
Event: 26.176 GC heap after
Heap after GC invocations=8 (full 1):
 PSYoungGen      total 117248K, used 9479K [0x000000076b300000, 0x0000000776e80000, 0x00000007c0000000)
  eden space 107520K, 0% used [0x000000076b300000,0x000000076b300000,0x0000000771c00000)
  from space 9728K, 97% used [0x0000000771c00000,0x0000000772541ec8,0x0000000772580000)
  to   space 11264K, 0% used [0x0000000776380000,0x0000000776380000,0x0000000776e80000)
 ParOldGen       total 103424K, used 8717K [0x00000006c1800000, 0x00000006c7d00000, 0x000000076b300000)
  object space 103424K, 8% used [0x00000006c1800000,0x00000006c2083488,0x00000006c7d00000)
 Metaspace       used 32165K, capacity 34036K, committed 34176K, reserved 1079296K
  class space    used 4060K, capacity 4394K, committed 4480K, reserved 1048576K
}
Event: 26.494 GC heap before
{Heap before GC invocations=9 (full 1):
 PSYoungGen      total 117248K, used 34508K [0x000000076b300000, 0x0000000776e80000, 0x00000007c0000000)
  eden space 107520K, 23% used [0x000000076b300000,0x000000076cb71290,0x0000000771c00000)
  from space 9728K, 97% used [0x0000000771c00000,0x0000000772541ec8,0x0000000772580000)
  to   space 11264K, 0% used [0x0000000776380000,0x0000000776380000,0x0000000776e80000)
 ParOldGen       total 103424K, used 8717K [0x00000006c1800000, 0x00000006c7d00000, 0x000000076b300000)
  object space 103424K, 8% used [0x00000006c1800000,0x00000006c2083488,0x00000006c7d00000)
 Metaspace       used 33395K, capacity 35318K, committed 35416K, reserved 1081344K
  class space    used 4225K, capacity 4575K, committed 4608K, reserved 1048576K
Event: 26.503 GC heap after
Heap after GC invocations=9 (full 1):
 PSYoungGen      total 118784K, used 7523K [0x000000076b300000, 0x0000000776e80000, 0x00000007c0000000)
  eden space 107520K, 0% used [0x000000076b300000,0x000000076b300000,0x0000000771c00000)
  from space 11264K, 66% used [0x0000000776380000,0x0000000776ad8d98,0x0000000776e80000)
  to   space 9728K, 0% used [0x0000000771c00000,0x0000000771c00000,0x0000000772580000)
 ParOldGen       total 103424K, used 8725K [0x00000006c1800000, 0x00000006c7d00000, 0x000000076b300000)
  object space 103424K, 8% used [0x00000006c1800000,0x00000006c2085488,0x00000006c7d00000)
 Metaspace       used 33395K, capacity 35318K, committed 35416K, reserved 1081344K
  class space    used 4225K, capacity 4575K, committed 4608K, reserved 1048576K
}
Event: 26.503 GC heap before
{Heap before GC invocations=10 (full 2):
 PSYoungGen      total 118784K, used 7523K [0x000000076b300000, 0x0000000776e80000, 0x00000007c0000000)
  eden space 107520K, 0% used [0x000000076b300000,0x000000076b300000,0x0000000771c00000)
  from space 11264K, 66% used [0x0000000776380000,0x0000000776ad8d98,0x0000000776e80000)
  to   space 9728K, 0% used [0x0000000771c00000,0x0000000771c00000,0x0000000772580000)
 ParOldGen       total 103424K, used 8725K [0x00000006c1800000, 0x00000006c7d00000, 0x000000076b300000)
  object space 103424K, 8% used [0x00000006c1800000,0x00000006c2085488,0x00000006c7d00000)
 Metaspace       used 33395K, capacity 35318K, committed 35416K, reserved 1081344K
  class space    used 4225K, capacity 4575K, committed 4608K, reserved 1048576K

