# JRE version: Java(TM) SE Runtime Environment (8.0_191-b12) (build 1.8.0_191-b12)
# Java VM: Java HotSpot(TM) 64-Bit Server VM (25.191-b12 mixed mode windows-amd64 compressed oops)
Heap:
 PSYoungGen      total 151552K, used 88639K [0x000000076b300000, 0x0000000775300000, 0x00000007c0000000)
  eden space 140288K, 58% used [0x000000076b300000,0x000000077027a3e0,0x0000000773c00000)
  from space 11264K, 64% used [0x0000000774800000,0x0000000774f15a88,0x0000000775300000)
  to   space 11776K, 0% used [0x0000000773c00000,0x0000000773c00000,0x0000000774780000)
 ParOldGen       total 206848K, used 12547K [0x00000006c1800000, 0x00000006ce200000, 0x000000076b300000)
  object space 206848K, 6% used [0x00000006c1800000,0x00000006c2440e38,0x00000006ce200000)
 Metaspace       used 40059K, capacity 43092K, committed 43352K, reserved 1087488K
  class space    used 5478K, capacity 5966K, committed 6016K, reserved 1048576K
GC Heap History (10 events):
Event: 4.617 GC heap before
{Heap before GC invocations=6 (full 1):
 PSYoungGen      total 93184K, used 59595K [0x000000076b300000, 0x0000000771b00000, 0x00000007c0000000)
  eden space 82432K, 59% used [0x000000076b300000,0x000000076e330e50,0x0000000770380000)
  from space 10752K, 95% used [0x0000000770e00000,0x0000000771801eb0,0x0000000771880000)
  to   space 10752K, 0% used [0x0000000770380000,0x0000000770380000,0x0000000770e00000)
 ParOldGen       total 125440K, used 10172K [0x00000006c1800000, 0x00000006c9280000, 0x000000076b300000)
  object space 125440K, 8% used [0x00000006c1800000,0x00000006c21ef398,0x00000006c9280000)
 Metaspace       used 33395K, capacity 35290K, committed 35416K, reserved 1079296K
  class space    used 4623K, capacity 4963K, committed 4992K, reserved 1048576K
Event: 4.622 GC heap after
Heap after GC invocations=6 (full 1):
 PSYoungGen      total 93184K, used 7702K [0x000000076b300000, 0x0000000773180000, 0x00000007c0000000)
  eden space 82432K, 0% used [0x000000076b300000,0x000000076b300000,0x0000000770380000)
  from space 10752K, 71% used [0x0000000770380000,0x0000000770b05bb8,0x0000000770e00000)
  to   space 11776K, 0% used [0x0000000772600000,0x0000000772600000,0x0000000773180000)
 ParOldGen       total 125440K, used 10180K [0x00000006c1800000, 0x00000006c9280000, 0x000000076b300000)
  object space 125440K, 8% used [0x00000006c1800000,0x00000006c21f1398,0x00000006c9280000)
 Metaspace       used 33395K, capacity 35290K, committed 35416K, reserved 1079296K
  class space    used 4623K, capacity 4963K, committed 4992K, reserved 1048576K
}
Event: 4.622 GC heap before
{Heap before GC invocations=7 (full 2):
 PSYoungGen      total 93184K, used 7702K [0x000000076b300000, 0x0000000773180000, 0x00000007c0000000)
  eden space 82432K, 0% used [0x000000076b300000,0x000000076b300000,0x0000000770380000)
  from space 10752K, 71% used [0x0000000770380000,0x0000000770b05bb8,0x0000000770e00000)
  to   space 11776K, 0% used [0x0000000772600000,0x0000000772600000,0x0000000773180000)
 ParOldGen       total 125440K, used 10180K [0x00000006c1800000, 0x00000006c9280000, 0x000000076b300000)
  object space 125440K, 8% used [0x00000006c1800000,0x00000006c21f1398,0x00000006c9280000)
 Metaspace       used 33395K, capacity 35290K, committed 35416K, reserved 1079296K
  class space    used 4623K, capacity 4963K, committed 4992K, reserved 1048576K
Event: 4.650 GC heap after
Heap after GC invocations=7 (full 2):
 PSYoungGen      total 93184K, used 0K [0x000000076b300000, 0x0000000773180000, 0x00000007c0000000)
  eden space 82432K, 0% used [0x000000076b300000,0x000000076b300000,0x0000000770380000)
  from space 10752K, 0% used [0x0000000770380000,0x0000000770380000,0x0000000770e00000)
  to   space 11776K, 0% used [0x0000000772600000,0x0000000772600000,0x0000000773180000)
 ParOldGen       total 206848K, used 12523K [0x00000006c1800000, 0x00000006ce200000, 0x000000076b300000)
  object space 206848K, 6% used [0x00000006c1800000,0x00000006c243ae38,0x00000006ce200000)
 Metaspace       used 33395K, capacity 35290K, committed 35416K, reserved 1079296K
  class space    used 4623K, capacity 4963K, committed 4992K, reserved 1048576K
}
Event: 5.385 GC heap before
{Heap before GC invocations=8 (full 2):
 PSYoungGen      total 93184K, used 82432K [0x000000076b300000, 0x0000000773180000, 0x00000007c0000000)
  eden space 82432K, 100% used [0x000000076b300000,0x0000000770380000,0x0000000770380000)
  from space 10752K, 0% used [0x0000000770380000,0x0000000770380000,0x0000000770e00000)
  to   space 11776K, 0% used [0x0000000772600000,0x0000000772600000,0x0000000773180000)
 ParOldGen       total 206848K, used 12523K [0x00000006c1800000, 0x00000006ce200000, 0x000000076b300000)
  object space 206848K, 6% used [0x00000006c1800000,0x00000006c243ae38,0x00000006ce200000)
 Metaspace       used 36805K, capacity 39370K, committed 39640K, reserved 1083392K
  class space    used 5089K, capacity 5537K, committed 5632K, reserved 1048576K
Event: 5.391 GC heap after
Heap after GC invocations=8 (full 2):
 PSYoungGen      total 117760K, used 7025K [0x000000076b300000, 0x0000000773500000, 0x00000007c0000000)
  eden space 105984K, 0% used [0x000000076b300000,0x000000076b300000,0x0000000771a80000)
  from space 11776K, 59% used [0x0000000772600000,0x0000000772cdc4e8,0x0000000773180000)
  to   space 11776K, 0% used [0x0000000771a80000,0x0000000771a80000,0x0000000772600000)
 ParOldGen       total 206848K, used 12531K [0x00000006c1800000, 0x00000006ce200000, 0x000000076b300000)
  object space 206848K, 6% used [0x00000006c1800000,0x00000006c243ce38,0x00000006ce200000)
 Metaspace       used 36805K, capacity 39370K, committed 39640K, reserved 1083392K
  class space    used 5089K, capacity 5537K, committed 5632K, reserved 1048576K
}
Event: 6.735 GC heap before
{Heap before GC invocations=9 (full 2):
 PSYoungGen      total 117760K, used 113009K [0x000000076b300000, 0x0000000773500000, 0x00000007c0000000)
  eden space 105984K, 100% used [0x000000076b300000,0x0000000771a80000,0x0000000771a80000)
  from space 11776K, 59% used [0x0000000772600000,0x0000000772cdc4e8,0x0000000773180000)
  to   space 11776K, 0% used [0x0000000771a80000,0x0000000771a80000,0x0000000772600000)
 ParOldGen       total 206848K, used 12531K [0x00000006c1800000, 0x00000006ce200000, 0x000000076b300000)
  object space 206848K, 6% used [0x00000006c1800000,0x00000006c243ce38,0x00000006ce200000)
 Metaspace       used 39344K, capacity 42242K, committed 42584K, reserved 1085440K
  class space    used 5425K, capacity 5903K, committed 6016K, reserved 1048576K
Event: 6.745 GC heap after
Heap after GC invocations=9 (full 2):
 PSYoungGen      total 117760K, used 9788K [0x000000076b300000, 0x0000000775400000, 0x00000007c0000000)
  eden space 105984K, 0% used [0x000000076b300000,0x000000076b300000,0x0000000771a80000)
  from space 11776K, 83% used [0x0000000771a80000,0x000000077240f048,0x0000000772600000)
  to   space 12288K, 0% used [0x0000000774800000,0x0000000774800000,0x0000000775400000)
 ParOldGen       total 206848K, used 12539K [0x00000006c1800000, 0x00000006ce200000, 0x000000076b300000)
  object space 206848K, 6% used [0x00000006c1800000,0x00000006c243ee38,0x00000006ce200000)
 Metaspace       used 39344K, capacity 42242K, committed 42584K, reserved 1085440K
  class space    used 5425K, capacity 5903K, committed 6016K, reserved 1048576K
}
Event: 7.942 GC heap before
{Heap before GC invocations=10 (full 2):
 PSYoungGen      total 117760K, used 115772K [0x000000076b300000, 0x0000000775400000, 0x00000007c0000000)
  eden space 105984K, 100% used [0x000000076b300000,0x0000000771a80000,0x0000000771a80000)
  from space 11776K, 83% used [0x0000000771a80000,0x000000077240f048,0x0000000772600000)
  to   space 12288K, 0% used [0x0000000774800000,0x0000000774800000,0x0000000775400000)
 ParOldGen       total 206848K, used 12539K [0x00000006c1800000, 0x00000006ce200000, 0x000000076b300000)
  object space 206848K, 6% used [0x00000006c1800000,0x00000006c243ee38,0x00000006ce200000)
 Metaspace       used 39917K, capacity 42860K, committed 43096K, reserved 1087488K
  class space    used 5476K, capacity 5962K, committed 6016K, reserved 1048576K
Event: 7.952 GC heap after
Heap after GC invocations=10 (full 2):
 PSYoungGen      total 151552K, used 7254K [0x000000076b300000, 0x0000000775300000, 0x00000007c0000000)
  eden space 140288K, 0% used [0x000000076b300000,0x000000076b300000,0x0000000773c00000)
  from space 11264K, 64% used [0x0000000774800000,0x0000000774f15a88,0x0000000775300000)
  to   space 11776K, 0% used [0x0000000773c00000,0x0000000773c00000,0x0000000774780000)
 ParOldGen       total 206848K, used 12547K [0x00000006c1800000, 0x00000006ce200000, 0x000000076b300000)
  object space 206848K, 6% used [0x00000006c1800000,0x00000006c2440e38,0x00000006ce200000)
 Metaspace       used 39917K, capacity 42860K, committed 43096K, reserved 1087488K
  class space    used 5476K, capacity 5962K, committed 6016K, reserved 1048576K
}

